2019-08-14 12:04:02.076  INFO 22884 --- [main] com.env.agile.AgileApplication           : Starting AgileApplication on PC412477 with PID 22884 (C:\Users\576633\workspace\agile-backend-oauth\target\classes started by 576633 in C:\Users\576633\workspace\agile-backend-oauth)
2019-08-14 12:04:02.146  INFO 22884 --- [main] com.env.agile.AgileApplication           : No active profile set, falling back to default profiles: default
2019-08-14 12:04:08.194  INFO 22884 --- [main] .s.d.r.c.RepositoryConfigurationDelegate : Multiple Spring Data modules found, entering strict repository configuration mode!
2019-08-14 12:04:08.195  INFO 22884 --- [main] .s.d.r.c.RepositoryConfigurationDelegate : Bootstrapping Spring Data repositories in DEFAULT mode.
2019-08-14 12:04:08.693  INFO 22884 --- [main] .s.d.r.c.RepositoryConfigurationDelegate : Finished Spring Data repository scanning in 442ms. Found 1 repository interfaces.
2019-08-14 12:04:11.531  INFO 22884 --- [main] trationDelegate$BeanPostProcessorChecker : Bean 'org.springframework.transaction.annotation.ProxyTransactionManagementConfiguration' of type [org.springframework.transaction.annotation.ProxyTransactionManagementConfiguration$$EnhancerBySpringCGLIB$$d666a83] is not eligible for getting processed by all BeanPostProcessors (for example: not eligible for auto-proxying)
2019-08-14 12:04:15.021  INFO 22884 --- [main] o.s.b.w.embedded.tomcat.TomcatWebServer  : Tomcat initialized with port(s): 8080 (http)
2019-08-14 12:04:15.346  INFO 22884 --- [main] o.apache.catalina.core.StandardService   : Starting service [Tomcat]
2019-08-14 12:04:15.347  INFO 22884 --- [main] org.apache.catalina.core.StandardEngine  : Starting Servlet engine: [Apache Tomcat/9.0.21]
2019-08-14 12:04:16.872  INFO 22884 --- [main] o.a.c.c.C.[Tomcat].[localhost].[/]       : Initializing Spring embedded WebApplicationContext
2019-08-14 12:04:16.873  INFO 22884 --- [main] o.s.web.context.ContextLoader            : Root WebApplicationContext: initialization completed in 13769 ms
2019-08-14 12:04:17.839  INFO 22884 --- [main] com.zaxxer.hikari.HikariDataSource       : HikariPool-1 - Starting...
2019-08-14 12:04:18.425  INFO 22884 --- [main] com.zaxxer.hikari.HikariDataSource       : HikariPool-1 - Start completed.
2019-08-14 12:04:18.865  INFO 22884 --- [main] o.hibernate.jpa.internal.util.LogHelper  : HHH000204: Processing PersistenceUnitInfo [
	name: default
	...]
2019-08-14 12:04:19.248  INFO 22884 --- [main] org.hibernate.Version                    : HHH000412: Hibernate Core {5.3.10.Final}
2019-08-14 12:04:19.250  INFO 22884 --- [main] org.hibernate.cfg.Environment            : HHH000206: hibernate.properties not found
2019-08-14 12:04:20.915  INFO 22884 --- [main] o.hibernate.annotations.common.Version   : HCANN000001: Hibernate Commons Annotations {5.0.4.Final}
2019-08-14 12:04:21.634  INFO 22884 --- [main] org.hibernate.dialect.Dialect            : HHH000400: Using dialect: org.hibernate.dialect.H2Dialect
2019-08-14 12:04:26.568  INFO 22884 --- [main] o.h.t.schema.internal.SchemaCreatorImpl  : HHH000476: Executing import script 'org.hibernate.tool.schema.internal.exec.ScriptSourceInputNonExistentImpl@26a4f9ed'
2019-08-14 12:04:26.616  INFO 22884 --- [main] j.LocalContainerEntityManagerFactoryBean : Initialized JPA EntityManagerFactory for persistence unit 'default'
2019-08-14 12:04:37.098  INFO 22884 --- [main] o.s.s.web.DefaultSecurityFilterChain     : Creating filter chain: OrRequestMatcher [requestMatchers=[Ant [pattern='/oauth/token'], Ant [pattern='/oauth/token_key'], Ant [pattern='/oauth/check_token']]], [org.springframework.security.web.context.request.async.WebAsyncManagerIntegrationFilter@2b4829aa, org.springframework.security.web.context.SecurityContextPersistenceFilter@92e2c93, org.springframework.security.web.header.HeaderWriterFilter@223cbf0d, org.springframework.security.web.authentication.logout.LogoutFilter@195498aa, org.springframework.security.web.authentication.www.BasicAuthenticationFilter@33a71d23, org.springframework.security.web.savedrequest.RequestCacheAwareFilter@4a105556, org.springframework.security.web.servletapi.SecurityContextHolderAwareRequestFilter@4f20b022, org.springframework.security.web.authentication.AnonymousAuthenticationFilter@794d28a3, org.springframework.security.web.session.SessionManagementFilter@e0847a9, org.springframework.security.web.access.ExceptionTranslationFilter@2acca224, org.springframework.security.web.access.intercept.FilterSecurityInterceptor@60844992]
2019-08-14 12:04:37.146  INFO 22884 --- [main] o.s.s.web.DefaultSecurityFilterChain     : Creating filter chain: org.springframework.security.oauth2.config.annotation.web.configuration.ResourceServerConfiguration$NotOAuthRequestMatcher@226e07e7, [org.springframework.security.web.context.request.async.WebAsyncManagerIntegrationFilter@7c31e410, org.springframework.security.web.context.SecurityContextPersistenceFilter@6b030101, org.springframework.security.web.header.HeaderWriterFilter@5cf2f5d6, org.springframework.security.web.authentication.logout.LogoutFilter@11f3400c, org.springframework.security.oauth2.provider.authentication.OAuth2AuthenticationProcessingFilter@4d065e1a, org.springframework.security.web.savedrequest.RequestCacheAwareFilter@60a4e619, org.springframework.security.web.servletapi.SecurityContextHolderAwareRequestFilter@2bb3f39e, org.springframework.security.web.authentication.AnonymousAuthenticationFilter@9880a15, org.springframework.security.web.session.SessionManagementFilter@429f0ca8, org.springframework.security.web.access.ExceptionTranslationFilter@661db63e, org.springframework.security.web.access.intercept.FilterSecurityInterceptor@48d5ca17]
2019-08-14 12:04:37.152  INFO 22884 --- [main] o.s.s.web.DefaultSecurityFilterChain     : Creating filter chain: any request, [org.springframework.security.web.context.request.async.WebAsyncManagerIntegrationFilter@60194904, org.springframework.security.web.context.SecurityContextPersistenceFilter@2c1ea7be, org.springframework.security.web.header.HeaderWriterFilter@57b63253, org.springframework.security.web.authentication.logout.LogoutFilter@4ec0229c, org.springframework.security.web.savedrequest.RequestCacheAwareFilter@2493eec6, org.springframework.security.web.servletapi.SecurityContextHolderAwareRequestFilter@42d174ad, org.springframework.security.web.authentication.AnonymousAuthenticationFilter@4db6348b, org.springframework.security.web.session.SessionManagementFilter@c0013b8, org.springframework.security.web.access.ExceptionTranslationFilter@4ec8d9b2, org.springframework.security.web.access.intercept.FilterSecurityInterceptor@6fc0e448]
2019-08-14 12:04:37.669  INFO 22884 --- [main] o.s.s.concurrent.ThreadPoolTaskExecutor  : Initializing ExecutorService 'applicationTaskExecutor'
2019-08-14 12:04:37.873  WARN 22884 --- [main] aWebConfiguration$JpaWebMvcConfiguration : spring.jpa.open-in-view is enabled by default. Therefore, database queries may be performed during view rendering. Explicitly configure spring.jpa.open-in-view to disable this warning
2019-08-14 12:04:43.610  INFO 22884 --- [main] o.s.b.w.embedded.tomcat.TomcatWebServer  : Tomcat started on port(s): 8080 (http) with context path ''
2019-08-14 12:04:43.613  INFO 22884 --- [main] com.env.agile.AgileApplication           : Started AgileApplication in 46.028 seconds (JVM running for 49.748)
2019-08-14 12:08:03.666  INFO 17308 --- [main] com.env.agile.AgileApplication           : Starting AgileApplication on PC412477 with PID 17308 (C:\Users\576633\workspace\agile-backend-oauth\target\classes started by 576633 in C:\Users\576633\workspace\agile-backend-oauth)
2019-08-14 12:08:03.671  INFO 17308 --- [main] com.env.agile.AgileApplication           : No active profile set, falling back to default profiles: default
2019-08-14 12:08:05.620  INFO 17308 --- [main] .s.d.r.c.RepositoryConfigurationDelegate : Multiple Spring Data modules found, entering strict repository configuration mode!
2019-08-14 12:08:05.620  INFO 17308 --- [main] .s.d.r.c.RepositoryConfigurationDelegate : Bootstrapping Spring Data repositories in DEFAULT mode.
2019-08-14 12:08:06.246  INFO 17308 --- [main] .s.d.r.c.RepositoryConfigurationDelegate : Finished Spring Data repository scanning in 616ms. Found 1 repository interfaces.
2019-08-14 12:08:08.061  INFO 17308 --- [main] trationDelegate$BeanPostProcessorChecker : Bean 'org.springframework.transaction.annotation.ProxyTransactionManagementConfiguration' of type [org.springframework.transaction.annotation.ProxyTransactionManagementConfiguration$$EnhancerBySpringCGLIB$$bef5162b] is not eligible for getting processed by all BeanPostProcessors (for example: not eligible for auto-proxying)
2019-08-14 12:08:11.401  INFO 17308 --- [main] o.s.b.w.embedded.tomcat.TomcatWebServer  : Tomcat initialized with port(s): 8080 (http)
2019-08-14 12:08:12.104  INFO 17308 --- [main] o.apache.catalina.core.StandardService   : Starting service [Tomcat]
2019-08-14 12:08:12.105  INFO 17308 --- [main] org.apache.catalina.core.StandardEngine  : Starting Servlet engine: [Apache Tomcat/9.0.21]
2019-08-14 12:08:12.618  INFO 17308 --- [main] o.a.c.c.C.[Tomcat].[localhost].[/]       : Initializing Spring embedded WebApplicationContext
2019-08-14 12:08:12.618  INFO 17308 --- [main] o.s.web.context.ContextLoader            : Root WebApplicationContext: initialization completed in 8825 ms
2019-08-14 12:08:14.259  INFO 17308 --- [main] com.zaxxer.hikari.HikariDataSource       : HikariPool-1 - Starting...
2019-08-14 12:08:17.662  INFO 17308 --- [main] com.zaxxer.hikari.HikariDataSource       : HikariPool-1 - Start completed.
2019-08-14 12:08:18.073  INFO 17308 --- [main] o.hibernate.jpa.internal.util.LogHelper  : HHH000204: Processing PersistenceUnitInfo [
	name: default
	...]
2019-08-14 12:08:18.300  INFO 17308 --- [main] org.hibernate.Version                    : HHH000412: Hibernate Core {5.3.10.Final}
2019-08-14 12:08:18.301  INFO 17308 --- [main] org.hibernate.cfg.Environment            : HHH000206: hibernate.properties not found
2019-08-14 12:08:19.918  INFO 17308 --- [main] o.hibernate.annotations.common.Version   : HCANN000001: Hibernate Commons Annotations {5.0.4.Final}
2019-08-14 12:08:21.328  INFO 17308 --- [main] org.hibernate.dialect.Dialect            : HHH000400: Using dialect: org.hibernate.dialect.H2Dialect
2019-08-14 12:08:24.599  INFO 17308 --- [main] o.h.t.schema.internal.SchemaCreatorImpl  : HHH000476: Executing import script 'org.hibernate.tool.schema.internal.exec.ScriptSourceInputNonExistentImpl@20216016'
2019-08-14 12:08:24.603  INFO 17308 --- [main] j.LocalContainerEntityManagerFactoryBean : Initialized JPA EntityManagerFactory for persistence unit 'default'
2019-08-14 12:08:28.406  INFO 17308 --- [main] o.s.s.web.DefaultSecurityFilterChain     : Creating filter chain: OrRequestMatcher [requestMatchers=[Ant [pattern='/oauth/token'], Ant [pattern='/oauth/token_key'], Ant [pattern='/oauth/check_token']]], [org.springframework.security.web.context.request.async.WebAsyncManagerIntegrationFilter@6a902015, org.springframework.security.web.context.SecurityContextPersistenceFilter@32f308c6, org.springframework.security.web.header.HeaderWriterFilter@61c4cebd, org.springframework.security.web.authentication.logout.LogoutFilter@f49e81a, org.springframework.security.web.authentication.www.BasicAuthenticationFilter@d4ecdb0, org.springframework.security.web.savedrequest.RequestCacheAwareFilter@698ac187, org.springframework.security.web.servletapi.SecurityContextHolderAwareRequestFilter@6fd9dbe6, org.springframework.security.web.authentication.AnonymousAuthenticationFilter@55d99dc3, org.springframework.security.web.session.SessionManagementFilter@2e93108a, org.springframework.security.web.access.ExceptionTranslationFilter@563843f1, org.springframework.security.web.access.intercept.FilterSecurityInterceptor@768f4b42]
2019-08-14 12:08:28.435  INFO 17308 --- [main] o.s.s.web.DefaultSecurityFilterChain     : Creating filter chain: org.springframework.security.oauth2.config.annotation.web.configuration.ResourceServerConfiguration$NotOAuthRequestMatcher@794d28a3, [org.springframework.security.web.context.request.async.WebAsyncManagerIntegrationFilter@a55e82a, org.springframework.security.web.context.SecurityContextPersistenceFilter@2dd8a273, org.springframework.security.web.header.HeaderWriterFilter@37f71c05, org.springframework.security.web.authentication.logout.LogoutFilter@1328f482, org.springframework.security.oauth2.provider.authentication.OAuth2AuthenticationProcessingFilter@33a71d23, org.springframework.security.web.savedrequest.RequestCacheAwareFilter@59f76e56, org.springframework.security.web.servletapi.SecurityContextHolderAwareRequestFilter@566f4659, org.springframework.security.web.authentication.AnonymousAuthenticationFilter@70ee9d31, org.springframework.security.web.session.SessionManagementFilter@5bd3ca3c, org.springframework.security.web.access.ExceptionTranslationFilter@bcfe29c, org.springframework.security.web.access.intercept.FilterSecurityInterceptor@2b4829aa]
2019-08-14 12:08:28.438  INFO 17308 --- [main] o.s.s.web.DefaultSecurityFilterChain     : Creating filter chain: any request, [org.springframework.security.web.context.request.async.WebAsyncManagerIntegrationFilter@40017e98, org.springframework.security.web.context.SecurityContextPersistenceFilter@5cf2f5d6, org.springframework.security.web.header.HeaderWriterFilter@16b7e04a, org.springframework.security.web.authentication.logout.LogoutFilter@60a4e619, org.springframework.security.web.savedrequest.RequestCacheAwareFilter@429f0ca8, org.springframework.security.web.servletapi.SecurityContextHolderAwareRequestFilter@6b030101, org.springframework.security.web.authentication.AnonymousAuthenticationFilter@4fbe486c, org.springframework.security.web.session.SessionManagementFilter@661db63e, org.springframework.security.web.access.ExceptionTranslationFilter@7a3c99f1, org.springframework.security.web.access.intercept.FilterSecurityInterceptor@11c3ce6a]
2019-08-14 12:08:29.061  INFO 17308 --- [main] o.s.s.concurrent.ThreadPoolTaskExecutor  : Initializing ExecutorService 'applicationTaskExecutor'
2019-08-14 12:08:29.197  WARN 17308 --- [main] aWebConfiguration$JpaWebMvcConfiguration : spring.jpa.open-in-view is enabled by default. Therefore, database queries may be performed during view rendering. Explicitly configure spring.jpa.open-in-view to disable this warning
2019-08-14 12:08:33.126  INFO 17308 --- [main] o.s.b.w.embedded.tomcat.TomcatWebServer  : Tomcat started on port(s): 8080 (http) with context path ''
2019-08-14 12:08:33.129  INFO 17308 --- [main] com.env.agile.AgileApplication           : Started AgileApplication in 29.958 seconds (JVM running for 30.854)
2019-08-14 12:11:03.983  INFO 3148 --- [main] com.env.agile.AgileApplication           : Starting AgileApplication on PC412477 with PID 3148 (C:\Users\576633\workspace\agile-backend-oauth\target\classes started by 576633 in C:\Users\576633\workspace\agile-backend-oauth)
2019-08-14 12:11:03.986  INFO 3148 --- [main] com.env.agile.AgileApplication           : No active profile set, falling back to default profiles: default
2019-08-14 12:11:04.985  INFO 3148 --- [main] .s.d.r.c.RepositoryConfigurationDelegate : Multiple Spring Data modules found, entering strict repository configuration mode!
2019-08-14 12:11:04.985  INFO 3148 --- [main] .s.d.r.c.RepositoryConfigurationDelegate : Bootstrapping Spring Data repositories in DEFAULT mode.
2019-08-14 12:11:05.129  INFO 3148 --- [main] .s.d.r.c.RepositoryConfigurationDelegate : Finished Spring Data repository scanning in 124ms. Found 1 repository interfaces.
2019-08-14 12:11:06.064  INFO 3148 --- [main] trationDelegate$BeanPostProcessorChecker : Bean 'org.springframework.transaction.annotation.ProxyTransactionManagementConfiguration' of type [org.springframework.transaction.annotation.ProxyTransactionManagementConfiguration$$EnhancerBySpringCGLIB$$52edfd1a] is not eligible for getting processed by all BeanPostProcessors (for example: not eligible for auto-proxying)
2019-08-14 12:11:06.723  INFO 3148 --- [main] o.s.b.w.embedded.tomcat.TomcatWebServer  : Tomcat initialized with port(s): 8080 (http)
2019-08-14 12:11:06.769  INFO 3148 --- [main] o.apache.catalina.core.StandardService   : Starting service [Tomcat]
2019-08-14 12:11:06.770  INFO 3148 --- [main] org.apache.catalina.core.StandardEngine  : Starting Servlet engine: [Apache Tomcat/9.0.21]
2019-08-14 12:11:08.195  INFO 3148 --- [main] o.a.c.c.C.[Tomcat].[localhost].[/]       : Initializing Spring embedded WebApplicationContext
2019-08-14 12:11:08.196  INFO 3148 --- [main] o.s.web.context.ContextLoader            : Root WebApplicationContext: initialization completed in 4145 ms
2019-08-14 12:11:09.966  INFO 3148 --- [main] com.zaxxer.hikari.HikariDataSource       : HikariPool-1 - Starting...
2019-08-14 12:11:10.948  INFO 3148 --- [main] com.zaxxer.hikari.HikariDataSource       : HikariPool-1 - Start completed.
2019-08-14 12:11:11.315  INFO 3148 --- [main] o.hibernate.jpa.internal.util.LogHelper  : HHH000204: Processing PersistenceUnitInfo [
	name: default
	...]
2019-08-14 12:11:13.452  INFO 3148 --- [main] org.hibernate.Version                    : HHH000412: Hibernate Core {5.3.10.Final}
2019-08-14 12:11:13.453  INFO 3148 --- [main] org.hibernate.cfg.Environment            : HHH000206: hibernate.properties not found
2019-08-14 12:11:18.189  INFO 3148 --- [main] o.hibernate.annotations.common.Version   : HCANN000001: Hibernate Commons Annotations {5.0.4.Final}
2019-08-14 12:11:20.105  INFO 3148 --- [main] org.hibernate.dialect.Dialect            : HHH000400: Using dialect: org.hibernate.dialect.H2Dialect
2019-08-14 12:11:26.803  INFO 3148 --- [main] o.h.t.schema.internal.SchemaCreatorImpl  : HHH000476: Executing import script 'org.hibernate.tool.schema.internal.exec.ScriptSourceInputNonExistentImpl@4e974b9e'
2019-08-14 12:11:26.807  INFO 3148 --- [main] j.LocalContainerEntityManagerFactoryBean : Initialized JPA EntityManagerFactory for persistence unit 'default'
2019-08-14 12:11:29.911  INFO 3148 --- [main] o.s.s.web.DefaultSecurityFilterChain     : Creating filter chain: OrRequestMatcher [requestMatchers=[Ant [pattern='/oauth/token'], Ant [pattern='/oauth/token_key'], Ant [pattern='/oauth/check_token']]], [org.springframework.security.web.context.request.async.WebAsyncManagerIntegrationFilter@dbc7e0a, org.springframework.security.web.context.SecurityContextPersistenceFilter@3ba46845, org.springframework.security.web.header.HeaderWriterFilter@35536760, org.springframework.security.web.authentication.logout.LogoutFilter@45fb2354, org.springframework.security.web.authentication.www.BasicAuthenticationFilter@2558f65c, org.springframework.security.web.savedrequest.RequestCacheAwareFilter@592cb470, org.springframework.security.web.servletapi.SecurityContextHolderAwareRequestFilter@45424c0, org.springframework.security.web.authentication.AnonymousAuthenticationFilter@636fccb0, org.springframework.security.web.session.SessionManagementFilter@793d09e, org.springframework.security.web.access.ExceptionTranslationFilter@e36bc01, org.springframework.security.web.access.intercept.FilterSecurityInterceptor@3ec082a1]
2019-08-14 12:11:29.925  INFO 3148 --- [main] o.s.s.web.DefaultSecurityFilterChain     : Creating filter chain: org.springframework.security.oauth2.config.annotation.web.configuration.ResourceServerConfiguration$NotOAuthRequestMatcher@495da9a7, [org.springframework.security.web.context.request.async.WebAsyncManagerIntegrationFilter@2beee3e8, org.springframework.security.web.context.SecurityContextPersistenceFilter@62b786dc, org.springframework.security.web.header.HeaderWriterFilter@6dbbdf92, org.springframework.security.web.authentication.logout.LogoutFilter@226e07e7, org.springframework.security.oauth2.provider.authentication.OAuth2AuthenticationProcessingFilter@2a42019a, org.springframework.security.web.savedrequest.RequestCacheAwareFilter@7ba1cdbe, org.springframework.security.web.servletapi.SecurityContextHolderAwareRequestFilter@48d5ca17, org.springframework.security.web.authentication.AnonymousAuthenticationFilter@732d078d, org.springframework.security.web.session.SessionManagementFilter@1dbeedff, org.springframework.security.web.access.ExceptionTranslationFilter@7c4ca87c, org.springframework.security.web.access.intercept.FilterSecurityInterceptor@35b3c1f6]
2019-08-14 12:11:29.928  INFO 3148 --- [main] o.s.s.web.DefaultSecurityFilterChain     : Creating filter chain: any request, [org.springframework.security.web.context.request.async.WebAsyncManagerIntegrationFilter@4cc4d454, org.springframework.security.web.context.SecurityContextPersistenceFilter@30fa8a6b, org.springframework.security.web.header.HeaderWriterFilter@3cb04dd, org.springframework.security.web.authentication.logout.LogoutFilter@f3876ef, org.springframework.security.web.savedrequest.RequestCacheAwareFilter@6f112f70, org.springframework.security.web.servletapi.SecurityContextHolderAwareRequestFilter@342723a3, org.springframework.security.web.authentication.AnonymousAuthenticationFilter@3add5e17, org.springframework.security.web.session.SessionManagementFilter@73d91faf, org.springframework.security.web.access.ExceptionTranslationFilter@3bcc8f13, org.springframework.security.web.access.intercept.FilterSecurityInterceptor@fde487b]
2019-08-14 12:11:30.305  INFO 3148 --- [main] o.s.s.concurrent.ThreadPoolTaskExecutor  : Initializing ExecutorService 'applicationTaskExecutor'
2019-08-14 12:11:30.358  WARN 3148 --- [main] aWebConfiguration$JpaWebMvcConfiguration : spring.jpa.open-in-view is enabled by default. Therefore, database queries may be performed during view rendering. Explicitly configure spring.jpa.open-in-view to disable this warning
2019-08-14 12:11:33.482  INFO 3148 --- [main] o.s.b.w.embedded.tomcat.TomcatWebServer  : Tomcat started on port(s): 8080 (http) with context path ''
2019-08-14 12:11:33.484  INFO 3148 --- [main] com.env.agile.AgileApplication           : Started AgileApplication in 30.27 seconds (JVM running for 30.853)
2019-08-14 12:14:47.409  INFO 27440 --- [main] com.env.agile.AgileApplication           : Starting AgileApplication on PC412477 with PID 27440 (C:\Users\576633\workspace\agile-backend-oauth\target\classes started by 576633 in C:\Users\576633\workspace\agile-backend-oauth)
2019-08-14 12:14:47.414  INFO 27440 --- [main] com.env.agile.AgileApplication           : No active profile set, falling back to default profiles: default
2019-08-14 12:14:48.779  INFO 27440 --- [main] .s.d.r.c.RepositoryConfigurationDelegate : Multiple Spring Data modules found, entering strict repository configuration mode!
2019-08-14 12:14:48.779  INFO 27440 --- [main] .s.d.r.c.RepositoryConfigurationDelegate : Bootstrapping Spring Data repositories in DEFAULT mode.
2019-08-14 12:14:48.920  INFO 27440 --- [main] .s.d.r.c.RepositoryConfigurationDelegate : Finished Spring Data repository scanning in 130ms. Found 1 repository interfaces.
2019-08-14 12:14:49.794  INFO 27440 --- [main] trationDelegate$BeanPostProcessorChecker : Bean 'org.springframework.transaction.annotation.ProxyTransactionManagementConfiguration' of type [org.springframework.transaction.annotation.ProxyTransactionManagementConfiguration$$EnhancerBySpringCGLIB$$4d537143] is not eligible for getting processed by all BeanPostProcessors (for example: not eligible for auto-proxying)
2019-08-14 12:14:50.352  INFO 27440 --- [main] o.s.b.w.embedded.tomcat.TomcatWebServer  : Tomcat initialized with port(s): 8080 (http)
2019-08-14 12:14:50.404  INFO 27440 --- [main] o.apache.catalina.core.StandardService   : Starting service [Tomcat]
2019-08-14 12:14:50.405  INFO 27440 --- [main] org.apache.catalina.core.StandardEngine  : Starting Servlet engine: [Apache Tomcat/9.0.21]
2019-08-14 12:14:50.704  INFO 27440 --- [main] o.a.c.c.C.[Tomcat].[localhost].[/]       : Initializing Spring embedded WebApplicationContext
2019-08-14 12:14:50.705  INFO 27440 --- [main] o.s.web.context.ContextLoader            : Root WebApplicationContext: initialization completed in 3211 ms
2019-08-14 12:14:51.023  INFO 27440 --- [main] com.zaxxer.hikari.HikariDataSource       : HikariPool-1 - Starting...
2019-08-14 12:14:51.199  INFO 27440 --- [main] com.zaxxer.hikari.HikariDataSource       : HikariPool-1 - Start completed.
2019-08-14 12:14:51.285  INFO 27440 --- [main] o.hibernate.jpa.internal.util.LogHelper  : HHH000204: Processing PersistenceUnitInfo [
	name: default
	...]
2019-08-14 12:14:51.370  INFO 27440 --- [main] org.hibernate.Version                    : HHH000412: Hibernate Core {5.3.10.Final}
2019-08-14 12:14:51.378  INFO 27440 --- [main] org.hibernate.cfg.Environment            : HHH000206: hibernate.properties not found
2019-08-14 12:14:51.561  INFO 27440 --- [main] o.hibernate.annotations.common.Version   : HCANN000001: Hibernate Commons Annotations {5.0.4.Final}
2019-08-14 12:14:51.759  INFO 27440 --- [main] org.hibernate.dialect.Dialect            : HHH000400: Using dialect: org.hibernate.dialect.H2Dialect
2019-08-14 12:14:52.657  INFO 27440 --- [main] o.h.t.schema.internal.SchemaCreatorImpl  : HHH000476: Executing import script 'org.hibernate.tool.schema.internal.exec.ScriptSourceInputNonExistentImpl@935d3f9'
2019-08-14 12:14:52.661  INFO 27440 --- [main] j.LocalContainerEntityManagerFactoryBean : Initialized JPA EntityManagerFactory for persistence unit 'default'
2019-08-14 12:14:54.103  INFO 27440 --- [main] o.s.s.web.DefaultSecurityFilterChain     : Creating filter chain: OrRequestMatcher [requestMatchers=[Ant [pattern='/oauth/token'], Ant [pattern='/oauth/token_key'], Ant [pattern='/oauth/check_token']]], [org.springframework.security.web.context.request.async.WebAsyncManagerIntegrationFilter@7742a276, org.springframework.security.web.context.SecurityContextPersistenceFilter@4e2824b1, org.springframework.security.web.header.HeaderWriterFilter@7a117dc2, org.springframework.security.web.authentication.logout.LogoutFilter@39514976, org.springframework.security.web.authentication.www.BasicAuthenticationFilter@2ce47652, org.springframework.security.web.savedrequest.RequestCacheAwareFilter@7d18338b, org.springframework.security.web.servletapi.SecurityContextHolderAwareRequestFilter@59f76e56, org.springframework.security.web.authentication.AnonymousAuthenticationFilter@1f48fa72, org.springframework.security.web.session.SessionManagementFilter@579f3c8e, org.springframework.security.web.access.ExceptionTranslationFilter@d4ecdb0, org.springframework.security.web.access.intercept.FilterSecurityInterceptor@4e8afdad]
2019-08-14 12:14:54.124  INFO 27440 --- [main] o.s.s.web.DefaultSecurityFilterChain     : Creating filter chain: org.springframework.security.oauth2.config.annotation.web.configuration.ResourceServerConfiguration$NotOAuthRequestMatcher@6ea3a513, [org.springframework.security.web.context.request.async.WebAsyncManagerIntegrationFilter@3c4059a, org.springframework.security.web.context.SecurityContextPersistenceFilter@30fa8a6b, org.springframework.security.web.header.HeaderWriterFilter@3cb04dd, org.springframework.security.web.authentication.logout.LogoutFilter@f3876ef, org.springframework.security.oauth2.provider.authentication.OAuth2AuthenticationProcessingFilter@3eee08f5, org.springframework.security.web.savedrequest.RequestCacheAwareFilter@6f112f70, org.springframework.security.web.servletapi.SecurityContextHolderAwareRequestFilter@342723a3, org.springframework.security.web.authentication.AnonymousAuthenticationFilter@4b336cc8, org.springframework.security.web.session.SessionManagementFilter@73d91faf, org.springframework.security.web.access.ExceptionTranslationFilter@3bcc8f13, org.springframework.security.web.access.intercept.FilterSecurityInterceptor@75b363c3]
2019-08-14 12:14:54.129  INFO 27440 --- [main] o.s.s.web.DefaultSecurityFilterChain     : Creating filter chain: any request, [org.springframework.security.web.context.request.async.WebAsyncManagerIntegrationFilter@4449a60b, org.springframework.security.web.context.SecurityContextPersistenceFilter@18513c23, org.springframework.security.web.header.HeaderWriterFilter@7f030c72, org.springframework.security.web.authentication.logout.LogoutFilter@2166c48a, org.springframework.security.web.savedrequest.RequestCacheAwareFilter@6be50b35, org.springframework.security.web.servletapi.SecurityContextHolderAwareRequestFilter@ce2eaa7, org.springframework.security.web.authentication.AnonymousAuthenticationFilter@da5d5e1, org.springframework.security.web.session.SessionManagementFilter@68d8ae27, org.springframework.security.web.access.ExceptionTranslationFilter@131c0b6f, org.springframework.security.web.access.intercept.FilterSecurityInterceptor@75a9cc24]
2019-08-14 12:14:54.338  INFO 27440 --- [main] o.s.s.concurrent.ThreadPoolTaskExecutor  : Initializing ExecutorService 'applicationTaskExecutor'
2019-08-14 12:14:54.398  WARN 27440 --- [main] aWebConfiguration$JpaWebMvcConfiguration : spring.jpa.open-in-view is enabled by default. Therefore, database queries may be performed during view rendering. Explicitly configure spring.jpa.open-in-view to disable this warning
2019-08-14 12:14:55.344  INFO 27440 --- [main] o.s.b.w.embedded.tomcat.TomcatWebServer  : Tomcat started on port(s): 8080 (http) with context path ''
2019-08-14 12:14:55.348  INFO 27440 --- [main] com.env.agile.AgileApplication           : Started AgileApplication in 8.587 seconds (JVM running for 9.464)
2019-08-14 12:16:08.133  INFO 23936 --- [main] com.env.agile.AgileApplication           : Starting AgileApplication on PC412477 with PID 23936 (C:\Users\576633\workspace\agile-backend-oauth\target\classes started by 576633 in C:\Users\576633\workspace\agile-backend-oauth)
2019-08-14 12:16:08.141  INFO 23936 --- [main] com.env.agile.AgileApplication           : No active profile set, falling back to default profiles: default
2019-08-14 12:16:09.360  INFO 23936 --- [main] .s.d.r.c.RepositoryConfigurationDelegate : Multiple Spring Data modules found, entering strict repository configuration mode!
2019-08-14 12:16:09.360  INFO 23936 --- [main] .s.d.r.c.RepositoryConfigurationDelegate : Bootstrapping Spring Data repositories in DEFAULT mode.
2019-08-14 12:16:09.456  INFO 23936 --- [main] .s.d.r.c.RepositoryConfigurationDelegate : Finished Spring Data repository scanning in 80ms. Found 1 repository interfaces.
2019-08-14 12:16:10.197  INFO 23936 --- [main] trationDelegate$BeanPostProcessorChecker : Bean 'org.springframework.transaction.annotation.ProxyTransactionManagementConfiguration' of type [org.springframework.transaction.annotation.ProxyTransactionManagementConfiguration$$EnhancerBySpringCGLIB$$5d98e995] is not eligible for getting processed by all BeanPostProcessors (for example: not eligible for auto-proxying)
2019-08-14 12:16:10.675  INFO 23936 --- [main] o.s.b.w.embedded.tomcat.TomcatWebServer  : Tomcat initialized with port(s): 8080 (http)
2019-08-14 12:16:10.708  INFO 23936 --- [main] o.apache.catalina.core.StandardService   : Starting service [Tomcat]
2019-08-14 12:16:10.709  INFO 23936 --- [main] org.apache.catalina.core.StandardEngine  : Starting Servlet engine: [Apache Tomcat/9.0.21]
2019-08-14 12:16:11.248  INFO 23936 --- [main] o.a.c.c.C.[Tomcat].[localhost].[/]       : Initializing Spring embedded WebApplicationContext
2019-08-14 12:16:11.249  INFO 23936 --- [main] o.s.web.context.ContextLoader            : Root WebApplicationContext: initialization completed in 3022 ms
2019-08-14 12:16:11.810  INFO 23936 --- [main] com.zaxxer.hikari.HikariDataSource       : HikariPool-1 - Starting...
2019-08-14 12:16:12.054  INFO 23936 --- [main] com.zaxxer.hikari.HikariDataSource       : HikariPool-1 - Start completed.
2019-08-14 12:16:12.136  INFO 23936 --- [main] o.hibernate.jpa.internal.util.LogHelper  : HHH000204: Processing PersistenceUnitInfo [
	name: default
	...]
2019-08-14 12:16:12.227  INFO 23936 --- [main] org.hibernate.Version                    : HHH000412: Hibernate Core {5.3.10.Final}
2019-08-14 12:16:12.228  INFO 23936 --- [main] org.hibernate.cfg.Environment            : HHH000206: hibernate.properties not found
2019-08-14 12:16:12.400  INFO 23936 --- [main] o.hibernate.annotations.common.Version   : HCANN000001: Hibernate Commons Annotations {5.0.4.Final}
2019-08-14 12:16:12.910  INFO 23936 --- [main] org.hibernate.dialect.Dialect            : HHH000400: Using dialect: org.hibernate.dialect.H2Dialect
2019-08-14 12:16:13.886  INFO 23936 --- [main] o.h.t.schema.internal.SchemaCreatorImpl  : HHH000476: Executing import script 'org.hibernate.tool.schema.internal.exec.ScriptSourceInputNonExistentImpl@3f6c2763'
2019-08-14 12:16:13.891  INFO 23936 --- [main] j.LocalContainerEntityManagerFactoryBean : Initialized JPA EntityManagerFactory for persistence unit 'default'
2019-08-14 12:16:15.762  INFO 23936 --- [main] o.s.s.web.DefaultSecurityFilterChain     : Creating filter chain: OrRequestMatcher [requestMatchers=[Ant [pattern='/oauth/token'], Ant [pattern='/oauth/token_key'], Ant [pattern='/oauth/check_token']]], [org.springframework.security.web.context.request.async.WebAsyncManagerIntegrationFilter@5ddd84d2, org.springframework.security.web.context.SecurityContextPersistenceFilter@15d79b70, org.springframework.security.web.header.HeaderWriterFilter@4b360972, org.springframework.security.web.authentication.logout.LogoutFilter@5fb44964, org.springframework.security.web.authentication.www.BasicAuthenticationFilter@636fccb0, org.springframework.security.web.savedrequest.RequestCacheAwareFilter@45424c0, org.springframework.security.web.servletapi.SecurityContextHolderAwareRequestFilter@768f4b42, org.springframework.security.web.authentication.AnonymousAuthenticationFilter@3fd5d679, org.springframework.security.web.session.SessionManagementFilter@523abba9, org.springframework.security.web.access.ExceptionTranslationFilter@2e85e3f1, org.springframework.security.web.access.intercept.FilterSecurityInterceptor@60a4e619]
2019-08-14 12:16:15.779  INFO 23936 --- [main] o.s.s.web.DefaultSecurityFilterChain     : Creating filter chain: org.springframework.security.oauth2.config.annotation.web.configuration.ResourceServerConfiguration$NotOAuthRequestMatcher@35becbd4, [org.springframework.security.web.context.request.async.WebAsyncManagerIntegrationFilter@3bcc8f13, org.springframework.security.web.context.SecurityContextPersistenceFilter@3de88f64, org.springframework.security.web.header.HeaderWriterFilter@9880a15, org.springframework.security.web.authentication.logout.LogoutFilter@3722f39d, org.springframework.security.oauth2.provider.authentication.OAuth2AuthenticationProcessingFilter@495da9a7, org.springframework.security.web.savedrequest.RequestCacheAwareFilter@4e8afdad, org.springframework.security.web.servletapi.SecurityContextHolderAwareRequestFilter@79b8ecb, org.springframework.security.web.authentication.AnonymousAuthenticationFilter@3cb04dd, org.springframework.security.web.session.SessionManagementFilter@6febec41, org.springframework.security.web.access.ExceptionTranslationFilter@7c31e410, org.springframework.security.web.access.intercept.FilterSecurityInterceptor@3ba97962]
2019-08-14 12:16:15.784  INFO 23936 --- [main] o.s.s.web.DefaultSecurityFilterChain     : Creating filter chain: any request, [org.springframework.security.web.context.request.async.WebAsyncManagerIntegrationFilter@26270b77, org.springframework.security.web.context.SecurityContextPersistenceFilter@4c8d45cf, org.springframework.security.web.header.HeaderWriterFilter@df9d400, org.springframework.security.web.authentication.logout.LogoutFilter@3add5e17, org.springframework.security.web.savedrequest.RequestCacheAwareFilter@fde487b, org.springframework.security.web.servletapi.SecurityContextHolderAwareRequestFilter@4cc4d454, org.springframework.security.web.authentication.AnonymousAuthenticationFilter@b808af5, org.springframework.security.web.session.SessionManagementFilter@4ec427, org.springframework.security.web.access.ExceptionTranslationFilter@6b751cb1, org.springframework.security.web.access.intercept.FilterSecurityInterceptor@1f6c4ae]
2019-08-14 12:16:16.099  INFO 23936 --- [main] o.s.s.concurrent.ThreadPoolTaskExecutor  : Initializing ExecutorService 'applicationTaskExecutor'
2019-08-14 12:16:16.149  WARN 23936 --- [main] aWebConfiguration$JpaWebMvcConfiguration : spring.jpa.open-in-view is enabled by default. Therefore, database queries may be performed during view rendering. Explicitly configure spring.jpa.open-in-view to disable this warning
2019-08-14 12:16:16.999  INFO 23936 --- [main] o.s.b.w.embedded.tomcat.TomcatWebServer  : Tomcat started on port(s): 8080 (http) with context path ''
2019-08-14 12:16:17.001  INFO 23936 --- [main] com.env.agile.AgileApplication           : Started AgileApplication in 9.41 seconds (JVM running for 10.405)
